created virtual environment CPython3.12.4.final.0-64 in 20991ms
  creator CPython3Posix(dest=/localscratch/rmfrost.62515795.0/env, clear=False, no_vcs_ignore=False, global=False)
  seeder FromAppData(download=False, pip=bundle, via=copy, app_data_dir=/home/rmfrost/.local/share/virtualenv)
    added seed packages: pip==25.1.1
  activators BashActivator,CShellActivator,FishActivator,NushellActivator,PowerShellActivator,PythonActivator
Looking in links: /cvmfs/soft.computecanada.ca/custom/python/wheelhouse/gentoo2023/x86-64-v3, /cvmfs/soft.computecanada.ca/custom/python/wheelhouse/gentoo2023/generic, /cvmfs/soft.computecanada.ca/custom/python/wheelhouse/generic
Processing /cvmfs/soft.computecanada.ca/custom/python/wheelhouse/gentoo2023/x86-64-v3/torch-2.6.0+computecanada-cp312-cp312-linux_x86_64.whl (from -r requirements.txt (line 1))
Processing /cvmfs/soft.computecanada.ca/custom/python/wheelhouse/gentoo2023/generic/torchvision-0.21.0+computecanada-cp312-cp312-linux_x86_64.whl (from -r requirements.txt (line 2))
Processing /cvmfs/soft.computecanada.ca/custom/python/wheelhouse/gentoo2023/x86-64-v3/pandas-2.2.3+computecanada-cp312-cp312-linux_x86_64.whl (from -r requirements.txt (line 3))
Processing /cvmfs/soft.computecanada.ca/custom/python/wheelhouse/gentoo2023/generic/numpy-2.2.2+computecanada-cp312-cp312-linux_x86_64.whl (from -r requirements.txt (line 4))
Processing /cvmfs/soft.computecanada.ca/custom/python/wheelhouse/gentoo2023/x86-64-v3/matplotlib-3.10.0+computecanada-cp312-cp312-linux_x86_64.whl (from -r requirements.txt (line 5))
Processing /cvmfs/soft.computecanada.ca/custom/python/wheelhouse/generic/thop-0.1.1.post2209072238+computecanada-py3-none-any.whl (from -r requirements.txt (line 6))
Processing /cvmfs/soft.computecanada.ca/custom/python/wheelhouse/gentoo2023/generic/scikit_learn-1.6.1+computecanada-cp312-cp312-linux_x86_64.whl (from -r requirements.txt (line 7))
Processing /cvmfs/soft.computecanada.ca/custom/python/wheelhouse/generic/torchinfo-1.8.0+computecanada-py3-none-any.whl (from -r requirements.txt (line 8))
Processing /cvmfs/soft.computecanada.ca/custom/python/wheelhouse/generic/filelock-3.18.0+computecanada-py3-none-any.whl (from torch->-r requirements.txt (line 1))
Processing /cvmfs/soft.computecanada.ca/custom/python/wheelhouse/generic/typing_extensions-4.13.2+computecanada-py3-none-any.whl (from torch->-r requirements.txt (line 1))
Processing /cvmfs/soft.computecanada.ca/custom/python/wheelhouse/generic/setuptools-80.8.0+computecanada-py3-none-any.whl (from torch->-r requirements.txt (line 1))
Processing /cvmfs/soft.computecanada.ca/custom/python/wheelhouse/generic/sympy-1.13.1+computecanada-py3-none-any.whl (from torch->-r requirements.txt (line 1))
Processing /cvmfs/soft.computecanada.ca/custom/python/wheelhouse/generic/networkx-3.5+computecanada-py3-none-any.whl (from torch->-r requirements.txt (line 1))
Processing /cvmfs/soft.computecanada.ca/custom/python/wheelhouse/generic/jinja2-3.1.6+computecanada-py3-none-any.whl (from torch->-r requirements.txt (line 1))
Processing /cvmfs/soft.computecanada.ca/custom/python/wheelhouse/generic/fsspec-2025.5.1+computecanada-py3-none-any.whl (from torch->-r requirements.txt (line 1))
Processing /cvmfs/soft.computecanada.ca/custom/python/wheelhouse/generic/mpmath-1.3.0+computecanada-py3-none-any.whl (from sympy==1.13.1->torch->-r requirements.txt (line 1))
Processing /cvmfs/soft.computecanada.ca/custom/python/wheelhouse/gentoo2023/x86-64-v3/Pillow_SIMD-9.5.0.post2+computecanada-cp312-cp312-linux_x86_64.whl (from torchvision->-r requirements.txt (line 2))
Processing /cvmfs/soft.computecanada.ca/custom/python/wheelhouse/generic/python_dateutil-2.9.0.post0+computecanada-py2.py3-none-any.whl (from pandas->-r requirements.txt (line 3))
Processing /cvmfs/soft.computecanada.ca/custom/python/wheelhouse/generic/pytz-2025.2+computecanada-py2.py3-none-any.whl (from pandas->-r requirements.txt (line 3))
Processing /cvmfs/soft.computecanada.ca/custom/python/wheelhouse/generic/tzdata-2025.2+computecanada-py2.py3-none-any.whl (from pandas->-r requirements.txt (line 3))
Processing /cvmfs/soft.computecanada.ca/custom/python/wheelhouse/gentoo2023/generic/contourpy-1.3.1+computecanada-cp312-cp312-linux_x86_64.whl (from matplotlib->-r requirements.txt (line 5))
Processing /cvmfs/soft.computecanada.ca/custom/python/wheelhouse/generic/cycler-0.12.1+computecanada-py3-none-any.whl (from matplotlib->-r requirements.txt (line 5))
Processing /cvmfs/soft.computecanada.ca/custom/python/wheelhouse/generic/fonttools-4.58.1+computecanada-cp312-cp312-linux_x86_64.whl (from matplotlib->-r requirements.txt (line 5))
Processing /cvmfs/soft.computecanada.ca/custom/python/wheelhouse/gentoo2023/x86-64-v3/kiwisolver-1.4.8+computecanada-cp312-cp312-linux_x86_64.whl (from matplotlib->-r requirements.txt (line 5))
Processing /cvmfs/soft.computecanada.ca/custom/python/wheelhouse/generic/packaging-24.2+computecanada-py3-none-any.whl (from matplotlib->-r requirements.txt (line 5))
Processing /cvmfs/soft.computecanada.ca/custom/python/wheelhouse/gentoo2023/x86-64-v3/pillow-11.1.0+computecanada-cp312-cp312-linux_x86_64.whl (from matplotlib->-r requirements.txt (line 5))
Processing /cvmfs/soft.computecanada.ca/custom/python/wheelhouse/generic/pyparsing-3.2.1+computecanada-py3-none-any.whl (from matplotlib->-r requirements.txt (line 5))
Processing /cvmfs/soft.computecanada.ca/custom/python/wheelhouse/gentoo2023/generic/scipy-1.15.1+computecanada-cp312-cp312-linux_x86_64.whl (from scikit-learn->-r requirements.txt (line 7))
Processing /cvmfs/soft.computecanada.ca/custom/python/wheelhouse/generic/joblib-1.4.2+computecanada-py3-none-any.whl (from scikit-learn->-r requirements.txt (line 7))
Processing /cvmfs/soft.computecanada.ca/custom/python/wheelhouse/generic/threadpoolctl-3.6.0+computecanada-py3-none-any.whl (from scikit-learn->-r requirements.txt (line 7))
Processing /cvmfs/soft.computecanada.ca/custom/python/wheelhouse/generic/six-1.17.0+computecanada-py2.py3-none-any.whl (from python-dateutil>=2.8.2->pandas->-r requirements.txt (line 3))
Processing /cvmfs/soft.computecanada.ca/custom/python/wheelhouse/generic/MarkupSafe-2.1.5+computecanada-cp312-cp312-linux_x86_64.whl (from jinja2->torch->-r requirements.txt (line 1))
Installing collected packages: pytz, mpmath, tzdata, typing-extensions, threadpoolctl, sympy, six, setuptools, pyparsing, pillow-simd, pillow, packaging, numpy, networkx, MarkupSafe, kiwisolver, joblib, fsspec, fonttools, filelock, cycler, scipy, python-dateutil, jinja2, contourpy, torch, scikit-learn, pandas, matplotlib, torchvision, thop, torchinfo

Successfully installed MarkupSafe-2.1.5+computecanada contourpy-1.3.1+computecanada cycler-0.12.1+computecanada filelock-3.18.0+computecanada fonttools-4.58.1+computecanada fsspec-2025.5.1+computecanada jinja2-3.1.6+computecanada joblib-1.4.2+computecanada kiwisolver-1.4.8+computecanada matplotlib-3.10.0+computecanada mpmath-1.3.0+computecanada networkx-3.5+computecanada numpy-2.2.2+computecanada packaging-24.2+computecanada pandas-2.2.3+computecanada pillow-11.1.0+computecanada pillow-simd-9.5.0.post2+computecanada pyparsing-3.2.1+computecanada python-dateutil-2.9.0.post0+computecanada pytz-2025.2+computecanada scikit-learn-1.6.1+computecanada scipy-1.15.1+computecanada setuptools-80.8.0+computecanada six-1.17.0+computecanada sympy-1.13.1+computecanada thop-0.1.1.post2209072238+computecanada threadpoolctl-3.6.0+computecanada torch-2.6.0+computecanada torchinfo-1.8.0+computecanada torchvision-0.21.0+computecanada typing-extensions-4.13.2+computecanada tzdata-2025.2+computecanada
cdr2473.int.cedar.computecanada.ca
 Static hostname: cdr2473.int.cedar.computecanada.ca
       Icon name: computer-server
         Chassis: server 🖳
      Machine ID: 135352b42ec4476fb2414f72a0620478
         Boot ID: 86eb00da7bf140d4b28dc7fe519343dc
Operating System: AlmaLinux 9.3 (Shamrock Pampas Cat)
     CPE OS Name: cpe:/o:almalinux:almalinux:9::baseos
          Kernel: Linux 5.14.0-362.24.2.el9_3.x86_64
    Architecture: x86-64
 Hardware Vendor: Dell Inc.
  Hardware Model: PowerEdge C4140
Firmware Version: 2.18.1
Mon Jun  2 19:34:38 2025       
+-----------------------------------------------------------------------------------------+
| NVIDIA-SMI 550.54.15              Driver Version: 550.54.15      CUDA Version: 12.4     |
|-----------------------------------------+------------------------+----------------------+
| GPU  Name                 Persistence-M | Bus-Id          Disp.A | Volatile Uncorr. ECC |
| Fan  Temp   Perf          Pwr:Usage/Cap |           Memory-Usage | GPU-Util  Compute M. |
|                                         |                        |               MIG M. |
|=========================================+========================+======================|
|   0  Tesla V100-SXM2-32GB           On  |   00000000:18:00.0 Off |                    0 |
| N/A   36C    P0             43W /  300W |       0MiB /  32768MiB |      0%      Default |
|                                         |                        |                  N/A |
+-----------------------------------------+------------------------+----------------------+
|   1  Tesla V100-SXM2-32GB           On  |   00000000:3B:00.0 Off |                    0 |
| N/A   34C    P0             42W /  300W |       0MiB /  32768MiB |      0%      Default |
|                                         |                        |                  N/A |
+-----------------------------------------+------------------------+----------------------+
|   2  Tesla V100-SXM2-32GB           On  |   00000000:86:00.0 Off |                    0 |
| N/A   35C    P0             42W /  300W |       0MiB /  32768MiB |      0%      Default |
|                                         |                        |                  N/A |
+-----------------------------------------+------------------------+----------------------+
|   3  Tesla V100-SXM2-32GB           On  |   00000000:AF:00.0 Off |                    0 |
| N/A   37C    P0             42W /  300W |       0MiB /  32768MiB |      0%      Default |
|                                         |                        |                  N/A |
+-----------------------------------------+------------------------+----------------------+
                                                                                         
+-----------------------------------------------------------------------------------------+
| Processes:                                                                              |
|  GPU   GI   CI        PID   Type   Process name                              GPU Memory |
|        ID   ID                                                               Usage      |
|=========================================================================================|
|  No running processes found                                                             |
+-----------------------------------------------------------------------------------------+
Job ID: 62515795
Allocated GPUs: 0,1,2,3
Running on: cdr2473.int.cedar.computecanada.ca
Starting at: Mon Jun  2 19:34:38 PDT 2025
starting training...

Training model: early_squeeze_softmax
Starting training at 2025-06-02 19:34:42
Using device: cuda
Training for 1000 epochs
Model: early_squeeze_softmax
Dataset: majmin
Number of classes: 28
Loss hit epochs: 50
Early stop epochs: 200
Setting up data
Label distribution: Counter({np.str_('N'): 54716, np.str_('C:maj'): 44978, np.str_('G:maj'): 40613, np.str_('F:maj'): 40217, np.str_('D:maj'): 37902, np.str_('A:maj'): 34889, np.str_('E:maj'): 30587, np.str_('Bb:maj'): 21331, np.str_('Eb:maj'): 17877, np.str_('Ab:maj'): 17768, np.str_('A:min'): 14686, np.str_('B:maj'): 13947, np.str_('D:min'): 13846, np.str_('E:min'): 13432, np.str_('B:min'): 11867, np.str_('Db:maj'): 11757, np.str_('G:min'): 8302, np.str_('C:min'): 6837, np.str_('F:min'): 5921, np.str_('Gb:maj'): 5832, np.str_('Eb:min'): 5336, np.str_('Bb:min'): 3595, np.str_('Ab:min'): 1558, np.str_('Cb:maj'): 709, np.str_('Db:min'): 636, np.str_('Fb:maj'): 203, np.str_('Gb:min'): 151, np.str_('Cb:min'): 7})
Setting up network
/localscratch/rmfrost.62515795.0/env/lib/python3.12/site-packages/torch/nn/init.py:511: UserWarning: Initializing zero-element tensors is a no-op
  warnings.warn("Initializing zero-element tensors is a no-op")
[INFO] Register count_normalization() for <class 'torch.nn.modules.batchnorm.BatchNorm2d'>.
[INFO] Register count_linear() for <class 'torch.nn.modules.linear.Linear'>.
[INFO] Register count_softmax() for <class 'torch.nn.modules.activation.Softmax'>.
[INFO] Register count_convNd() for <class 'torch.nn.modules.conv.Conv2d'>.
/localscratch/rmfrost.62515795.0/env/lib/python3.12/site-packages/torch/nn/modules/module.py:1845: UserWarning: Implicit dimension choice for softmax has been deprecated. Change the call to include dim=X as an argument.
  return inner()
Error training early_squeeze_softmax on majmin: tuple indices must be integers or slices, not NoneType
